#! /c/Source/iverilog-install/bin/vvp
:ivl_version "12.0 (devel)" "(s20150603-1110-g18392a46)";
:ivl_delay_selection "TYPICAL";
:vpi_time_precision - 9;
:vpi_module "C:\iverilog\lib\ivl\system.vpi";
:vpi_module "C:\iverilog\lib\ivl\vhdl_sys.vpi";
:vpi_module "C:\iverilog\lib\ivl\vhdl_textio.vpi";
:vpi_module "C:\iverilog\lib\ivl\v2005_math.vpi";
:vpi_module "C:\iverilog\lib\ivl\va_math.vpi";
:vpi_module "C:\iverilog\lib\ivl\v2009.vpi";
S_000001dbf518f660 .scope package, "$unit" "$unit" 2 1;
 .timescale 0 0;
S_000001dbf5190900 .scope module, "tb_SumArray_debug" "tb_SumArray_debug" 3 283;
 .timescale -9 -9;
P_000001dbf5266fb0 .param/l "mem_depth" 0 4 3, +C4<00000000000100000000000000000000>;
P_000001dbf5266fe8 .param/str "mem_file" 0 4 1, "SimpleAdd.x";
P_000001dbf5267020 .param/l "mem_start" 0 4 2, C4<10000000000000100000000000000000>;
enum000001dbf5154490 .enum2/s (32)
   "sz_byte" 0,
   "sz_word" 1,
   "sz_4word" 2,
   "sz_8word" 3
 ;
L_000001dbf5177670 .functor NOT 1, v000001dbf52c6740_0, C4<0>, C4<0>, C4<0>;
L_000001dbf5177280 .functor NOT 1, v000001dbf52c6740_0, C4<0>, C4<0>, C4<0>;
v000001dbf52c7640_0 .var "clk", 0 0;
v000001dbf52c67e0_0 .var/2s "clk_cnt", 31 0;
v000001dbf52c7140_0 .var "dm_access_sz", 1 0;
v000001dbf52c7b40_0 .net "dm_addr", 31 0, v000001dbf519d830_0;  1 drivers
v000001dbf52c7280_0 .net "dm_din", 31 0, L_000001dbf5177750;  1 drivers
v000001dbf52c7d20_0 .net "dm_dout", 31 0, v000001dbf517f070_0;  1 drivers
v000001dbf52c7320_0 .net "dm_rw", 0 0, L_000001dbf51776e0;  1 drivers
v000001dbf52c6560_0 .var "im_access_sz", 1 0;
v000001dbf52c7dc0_0 .net "im_addr", 31 0, v000001dbf52c6ec0_0;  1 drivers
v000001dbf52c66a0_0 .net "im_clear", 0 0, L_000001dbf5177360;  1 drivers
v000001dbf52c6060_0 .net "im_dout", 31 0, v000001dbf517ee90_0;  1 drivers
v000001dbf52c73c0_0 .var "im_rw", 0 0;
v000001dbf52c6100_0 .net "im_stall", 0 0, L_000001dbf5177bb0;  1 drivers
v000001dbf52c6740_0 .var "reset", 0 0;
E_000001dbf5161900 .event negedge, v000001dbf517f570_0;
S_000001dbf518ff30 .scope module, "dmem" "memory" 3 302, 5 1 0, S_000001dbf5190900;
 .timescale -9 -9;
    .port_info 0 /INPUT 1 "clk";
    .port_info 1 /INPUT 32 "addr";
    .port_info 2 /INPUT 32 "data_in";
    .port_info 3 /OUTPUT 32 "data_out";
    .port_info 4 /INPUT 2 "access_size";
    .port_info 5 /INPUT 1 "rd_wr";
    .port_info 6 /OUTPUT 1 "busy";
    .port_info 7 /INPUT 1 "enable";
    .port_info 8 /INPUT 1 "stall";
    .port_info 9 /INPUT 1 "clear";
P_000001dbf5193b20 .param/l "mem_depth" 0 4 3, +C4<00000000000100000000000000000000>;
P_000001dbf5193b58 .param/str "mem_file" 0 4 1, "SumArray.x";
P_000001dbf5193b90 .param/l "mem_start" 0 4 2, C4<10000000000000100000000000000000>;
enum000001dbf5155d00 .enum2/s (32)
   "sz_byte" 0,
   "sz_word" 1,
   "sz_4word" 2,
   "sz_8word" 3
 ;
L_000001dbf52c80b8 .functor BUFT 1, C4<10000000000000100000000000000000>, C4<0>, C4<0>, C4<0>;
v000001dbf517f110_0 .net/2u *"_ivl_0", 31 0, L_000001dbf52c80b8;  1 drivers
v000001dbf517e2b0_0 .net *"_ivl_2", 31 0, L_000001dbf5321710;  1 drivers
v000001dbf517e8f0_0 .net *"_ivl_4", 31 0, L_000001dbf53215d0;  1 drivers
v000001dbf517f4d0_0 .net *"_ivl_6", 29 0, L_000001dbf53204f0;  1 drivers
L_000001dbf52c8100 .functor BUFT 1, C4<00>, C4<0>, C4<0>, C4<0>;
v000001dbf517ea30_0 .net *"_ivl_8", 1 0, L_000001dbf52c8100;  1 drivers
v000001dbf517f750_0 .net "access_size", 1 0, v000001dbf52c7140_0;  1 drivers
v000001dbf517df90_0 .net "addr", 31 0, v000001dbf519d830_0;  alias, 1 drivers
v000001dbf517de50_0 .var "burst_addr", 29 0;
v000001dbf517f1b0_0 .var "burst_count", 3 0;
v000001dbf517e530_0 .var "burst_rd_wr", 0 0;
v000001dbf517e3f0_0 .net "busy", 0 0, L_000001dbf53212b0;  1 drivers
o000001dbf5270298 .functor BUFZ 1, C4<z>; HiZ drive
v000001dbf517ecb0_0 .net "clear", 0 0, o000001dbf5270298;  0 drivers
v000001dbf517f570_0 .net "clk", 0 0, v000001dbf52c7640_0;  1 drivers
v000001dbf517ead0 .array "data", 262143 0, 31 0;
v000001dbf517eb70_0 .net "data_in", 31 0, L_000001dbf5177750;  alias, 1 drivers
v000001dbf517def0_0 .net "data_index", 29 0, L_000001dbf5321030;  1 drivers
v000001dbf517f070_0 .var "data_out", 31 0;
v000001dbf517e350_0 .net "enable", 0 0, L_000001dbf5177280;  1 drivers
v000001dbf517ec10_0 .net "rd_wr", 0 0, L_000001dbf51776e0;  alias, 1 drivers
o000001dbf52703e8 .functor BUFZ 1, C4<z>; HiZ drive
v000001dbf517dbd0_0 .net "stall", 0 0, o000001dbf52703e8;  0 drivers
E_000001dbf5162200 .event posedge, v000001dbf517f570_0;
L_000001dbf5321710 .arith/sub 32, v000001dbf519d830_0, L_000001dbf52c80b8;
L_000001dbf53204f0 .part L_000001dbf5321710, 2, 30;
L_000001dbf53215d0 .concat [ 30 2 0 0], L_000001dbf53204f0, L_000001dbf52c8100;
L_000001dbf5321030 .part L_000001dbf53215d0, 0, 30;
L_000001dbf53212b0 .reduce/or v000001dbf517f1b0_0;
S_000001dbf5108660 .scope module, "imem" "memory" 3 294, 5 1 0, S_000001dbf5190900;
 .timescale -9 -9;
    .port_info 0 /INPUT 1 "clk";
    .port_info 1 /INPUT 32 "addr";
    .port_info 2 /INPUT 32 "data_in";
    .port_info 3 /OUTPUT 32 "data_out";
    .port_info 4 /INPUT 2 "access_size";
    .port_info 5 /INPUT 1 "rd_wr";
    .port_info 6 /OUTPUT 1 "busy";
    .port_info 7 /INPUT 1 "enable";
    .port_info 8 /INPUT 1 "stall";
    .port_info 9 /INPUT 1 "clear";
P_000001dbf51932e0 .param/l "mem_depth" 0 4 3, +C4<00000000000100000000000000000000>;
P_000001dbf5193318 .param/str "mem_file" 0 4 1, "SumArray.x";
P_000001dbf5193350 .param/l "mem_start" 0 4 2, C4<10000000000000100000000000000000>;
enum000001dbf5155850 .enum2/s (32)
   "sz_byte" 0,
   "sz_word" 1,
   "sz_4word" 2,
   "sz_8word" 3
 ;
L_000001dbf52c8028 .functor BUFT 1, C4<10000000000000100000000000000000>, C4<0>, C4<0>, C4<0>;
v000001dbf517e0d0_0 .net/2u *"_ivl_0", 31 0, L_000001dbf52c8028;  1 drivers
v000001dbf517ed50_0 .net *"_ivl_2", 31 0, L_000001dbf52c69c0;  1 drivers
v000001dbf517f930_0 .net *"_ivl_4", 31 0, L_000001dbf53213f0;  1 drivers
v000001dbf517edf0_0 .net *"_ivl_6", 29 0, L_000001dbf52c6a60;  1 drivers
L_000001dbf52c8070 .functor BUFT 1, C4<00>, C4<0>, C4<0>, C4<0>;
v000001dbf517e490_0 .net *"_ivl_8", 1 0, L_000001dbf52c8070;  1 drivers
v000001dbf517f250_0 .net "access_size", 1 0, v000001dbf52c6560_0;  1 drivers
v000001dbf517e5d0_0 .net "addr", 31 0, v000001dbf52c6ec0_0;  alias, 1 drivers
v000001dbf517e170_0 .var "burst_addr", 29 0;
v000001dbf517f610_0 .var "burst_count", 3 0;
v000001dbf517e990_0 .var "burst_rd_wr", 0 0;
v000001dbf517e670_0 .net "busy", 0 0, L_000001dbf5321d50;  1 drivers
v000001dbf517e710_0 .net "clear", 0 0, L_000001dbf5177360;  alias, 1 drivers
v000001dbf517dc70_0 .net "clk", 0 0, v000001dbf52c7640_0;  alias, 1 drivers
v000001dbf517f2f0 .array "data", 262143 0, 31 0;
o000001dbf5270838 .functor BUFZ 32, C4<zzzzzzzzzzzzzzzzzzzzzzzzzzzzzzzz>; HiZ drive
v000001dbf517da90_0 .net "data_in", 31 0, o000001dbf5270838;  0 drivers
v000001dbf517f6b0_0 .net "data_index", 29 0, L_000001dbf5320ef0;  1 drivers
v000001dbf517ee90_0 .var "data_out", 31 0;
v000001dbf517f7f0_0 .net "enable", 0 0, L_000001dbf5177670;  1 drivers
v000001dbf517ef30_0 .net "rd_wr", 0 0, v000001dbf52c73c0_0;  1 drivers
v000001dbf517e7b0_0 .net "stall", 0 0, L_000001dbf5177bb0;  alias, 1 drivers
L_000001dbf52c69c0 .arith/sub 32, v000001dbf52c6ec0_0, L_000001dbf52c8028;
L_000001dbf52c6a60 .part L_000001dbf52c69c0, 2, 30;
L_000001dbf53213f0 .concat [ 30 2 0 0], L_000001dbf52c6a60, L_000001dbf52c8070;
L_000001dbf5320ef0 .part L_000001dbf53213f0, 0, 30;
L_000001dbf5321d50 .reduce/or v000001dbf517f610_0;
S_000001dbf51087f0 .scope module, "proc" "mips" 3 306, 6 1 0, S_000001dbf5190900;
 .timescale -9 -9;
    .port_info 0 /INPUT 1 "clk";
    .port_info 1 /INPUT 1 "reset";
    .port_info 2 /OUTPUT 32 "instr_addr";
    .port_info 3 /INPUT 32 "instr_in";
    .port_info 4 /OUTPUT 1 "instr_stall";
    .port_info 5 /OUTPUT 1 "instr_clear";
    .port_info 6 /OUTPUT 32 "data_addr";
    .port_info 7 /INPUT 32 "data_in";
    .port_info 8 /OUTPUT 32 "data_out";
    .port_info 9 /OUTPUT 1 "data_rd_wr";
P_000001dbf5103be0 .param/l "ADDIU" 0 6 79, C4<001001>;
P_000001dbf5103c18 .param/l "ADDU" 0 6 90, C4<100001>;
P_000001dbf5103c50 .param/l "BEQ" 0 6 84, C4<000100>;
P_000001dbf5103c88 .param/l "BNE" 0 6 85, C4<000101>;
P_000001dbf5103cc0 .param/l "J" 0 6 82, C4<000010>;
P_000001dbf5103cf8 .param/l "JR" 0 6 89, C4<001000>;
P_000001dbf5103d30 .param/l "LW" 0 6 81, C4<100011>;
P_000001dbf5103d68 .param/l "SLL" 0 6 92, C4<000000>;
P_000001dbf5103da0 .param/l "SLTI" 0 6 83, C4<001010>;
P_000001dbf5103dd8 .param/l "SPECIAL" 0 6 86, C4<000000>;
P_000001dbf5103e10 .param/l "SUBU" 0 6 91, C4<100011>;
P_000001dbf5103e48 .param/l "SW" 0 6 80, C4<101011>;
P_000001dbf5103e80 .param/l "pc_init" 0 6 14, C4<10000000000000100000000000000000>;
P_000001dbf5103eb8 .param/l "ra_init" 0 6 16, C4<00000000000000000000000000000000>;
P_000001dbf5103ef0 .param/l "sp_init" 0 6 15, C4<10000000000100100000000000000000>;
enum000001dbf5155db0 .enum2/s (32)
   "init" 0,
   "fetch" 1,
   "id" 2,
   "ex" 3,
   "me" 4,
   "wb" 5
 ;
L_000001dbf5177d70 .functor BUFZ 32, v000001dbf517ee90_0, C4<00000000000000000000000000000000>, C4<00000000000000000000000000000000>, C4<00000000000000000000000000000000>;
L_000001dbf5177750 .functor BUFZ 32, v000001dbf519d790_0, C4<00000000000000000000000000000000>, C4<00000000000000000000000000000000>, C4<00000000000000000000000000000000>;
L_000001dbf51776e0 .functor NOT 1, v000001dbf52c7aa0_0, C4<0>, C4<0>, C4<0>;
L_000001dbf5177360 .functor BUFZ 1, v000001dbf519d970_0, C4<0>, C4<0>, C4<0>;
L_000001dbf5177bb0 .functor BUFZ 1, v000001dbf52c7820_0, C4<0>, C4<0>, C4<0>;
v000001dbf519d6f0_0 .var "alu_a", 31 0;
v000001dbf519cc50_0 .var "alu_a_EX", 31 0;
v000001dbf519cd90_0 .var "alu_b", 31 0;
v000001dbf519ce30_0 .var "alu_b_EX", 31 0;
v000001dbf519d790_0 .var "alu_b_ME", 31 0;
v000001dbf519d150_0 .net "alu_compare", 0 0, L_000001dbf5321670;  1 drivers
v000001dbf519d830_0 .var "alu_out", 31 0;
v000001dbf519cf70_0 .var "alu_out_WB", 31 0;
v000001dbf519dfb0_0 .var "br_taken", 0 0;
v000001dbf519d010_0 .var "br_taken_ME", 0 0;
v000001dbf519dbf0_0 .var "br_target", 31 0;
v000001dbf519d8d0_0 .var "br_target_ME", 31 0;
v000001dbf519d970_0 .var "clear", 0 0;
v000001dbf519dc90_0 .net "clk", 0 0, v000001dbf52c7640_0;  alias, 1 drivers
v000001dbf519dd30_0 .net "data_addr", 31 0, v000001dbf519d830_0;  alias, 1 drivers
v000001dbf519de70_0 .net "data_in", 31 0, v000001dbf517f070_0;  alias, 1 drivers
v000001dbf519df10_0 .net "data_out", 31 0, L_000001dbf5177750;  alias, 1 drivers
v000001dbf519c110_0 .net "data_rd_wr", 0 0, L_000001dbf51776e0;  alias, 1 drivers
v000001dbf519c250_0 .net "instr_addr", 31 0, v000001dbf52c6ec0_0;  alias, 1 drivers
v000001dbf519c2f0_0 .net "instr_clear", 0 0, L_000001dbf5177360;  alias, 1 drivers
v000001dbf52c6b00_0 .net "instr_in", 31 0, v000001dbf517ee90_0;  alias, 1 drivers
v000001dbf52c6ce0_0 .net "instr_stall", 0 0, L_000001dbf5177bb0;  alias, 1 drivers
v000001dbf52c7e60_0 .net "ir", 31 0, L_000001dbf5177d70;  1 drivers
v000001dbf52c6ba0_0 .var "ir_EX", 31 0;
v000001dbf52c78c0_0 .var "ir_ME", 31 0;
v000001dbf52c6380_0 .var "ir_WB", 31 0;
v000001dbf52c6ec0_0 .var "pc", 31 0;
v000001dbf52c6420_0 .var "pc_EX", 31 0;
v000001dbf52c6240_0 .var "pc_ID", 31 0;
v000001dbf52c6880_0 .var "pc_ME", 31 0;
v000001dbf52c7000_0 .var "pc_WB", 31 0;
v000001dbf52c7f00_0 .var "pc_plus4", 31 0;
v000001dbf52c7960_0 .net "reg_rd_data0", 31 0, L_000001dbf53210d0;  1 drivers
v000001dbf52c61a0_0 .net "reg_rd_data1", 31 0, L_000001dbf5321170;  1 drivers
v000001dbf52c62e0_0 .net "reg_rd_num0", 4 0, L_000001dbf5321e90;  1 drivers
v000001dbf52c75a0_0 .net "reg_rd_num1", 4 0, L_000001dbf5321530;  1 drivers
v000001dbf52c76e0_0 .var "reg_wr_data", 31 0;
v000001dbf52c71e0_0 .var "reg_wr_en", 0 0;
v000001dbf52c64c0_0 .var "reg_wr_en_WB", 0 0;
v000001dbf52c7be0_0 .var "reg_wr_en_WB_EX", 0 0;
v000001dbf52c6c40_0 .var "reg_wr_en_WB_ME", 0 0;
v000001dbf52c7780_0 .var "reg_wr_en_WB_WB", 0 0;
v000001dbf52c7460_0 .var "reg_wr_num", 4 0;
v000001dbf52c7500_0 .var "reg_wr_num_WB", 4 0;
v000001dbf52c7a00_0 .var "reg_wr_num_WB_EX", 4 0;
v000001dbf52c7c80_0 .var "reg_wr_num_WB_ME", 4 0;
v000001dbf52c6600_0 .var "reg_wr_num_WB_WB", 4 0;
v000001dbf52c6d80_0 .net "reset", 0 0, v000001dbf52c6740_0;  1 drivers
v000001dbf52c6e20_0 .var "shift_amt_EX", 31 0;
v000001dbf52c6920_0 .var "sign_ext_imm", 31 0;
v000001dbf52c70a0_0 .var "sign_ext_imm_EX", 31 0;
v000001dbf52c7aa0_0 .var "st_en", 0 0;
v000001dbf52c7820_0 .var "stall", 0 0;
v000001dbf52c6f60_0 .var/2s "state", 31 0;
E_000001dbf5161bc0/0 .event anyedge, v000001dbf519d5b0_0, v000001dbf52c7a00_0, v000001dbf52c7be0_0, v000001dbf52c7c80_0;
E_000001dbf5161bc0/1 .event anyedge, v000001dbf52c6c40_0, v000001dbf519d510_0, v000001dbf52c6420_0, v000001dbf52c6ba0_0;
E_000001dbf5161bc0/2 .event anyedge, v000001dbf519d6f0_0, v000001dbf52c7f00_0, v000001dbf519d150_0, v000001dbf519dfb0_0;
E_000001dbf5161bc0/3 .event anyedge, v000001dbf52c78c0_0, v000001dbf52c7780_0, v000001dbf52c6600_0, v000001dbf52c6380_0;
E_000001dbf5161bc0/4 .event anyedge, v000001dbf517f070_0, v000001dbf519cf70_0;
E_000001dbf5161bc0 .event/or E_000001dbf5161bc0/0, E_000001dbf5161bc0/1, E_000001dbf5161bc0/2, E_000001dbf5161bc0/3, E_000001dbf5161bc0/4;
E_000001dbf5162580 .event posedge, v000001dbf519db50_0, v000001dbf517f570_0;
L_000001dbf5321e90 .part L_000001dbf5177d70, 21, 5;
L_000001dbf5321530 .part L_000001dbf5177d70, 16, 5;
L_000001dbf5321670 .cmp/eq 32, v000001dbf519d6f0_0, v000001dbf519cd90_0;
S_000001dbf5108980 .scope module, "regs" "regfile" 6 72, 7 1 0, S_000001dbf51087f0;
 .timescale -9 -9;
    .port_info 0 /INPUT 5 "wr_num";
    .port_info 1 /INPUT 32 "wr_data";
    .port_info 2 /INPUT 1 "wr_en";
    .port_info 3 /INPUT 5 "rd0_num";
    .port_info 4 /OUTPUT 32 "rd0_data";
    .port_info 5 /INPUT 5 "rd1_num";
    .port_info 6 /OUTPUT 32 "rd1_data";
    .port_info 7 /INPUT 1 "clk";
    .port_info 8 /INPUT 1 "reset";
P_000001dbf5155190 .param/l "ra_init" 0 7 8, C4<00000000000000000000000000000000>;
P_000001dbf51551c8 .param/l "sp_init" 0 7 7, C4<10000000000100100000000000000000>;
v000001dbf519c610_0 .net *"_ivl_0", 31 0, L_000001dbf5321df0;  1 drivers
v000001dbf519c390_0 .net *"_ivl_10", 6 0, L_000001dbf5320db0;  1 drivers
L_000001dbf52c81d8 .functor BUFT 1, C4<00>, C4<0>, C4<0>, C4<0>;
v000001dbf519c930_0 .net *"_ivl_13", 1 0, L_000001dbf52c81d8;  1 drivers
L_000001dbf52c8220 .functor BUFT 1, C4<0000001>, C4<0>, C4<0>, C4<0>;
v000001dbf519d650_0 .net/2u *"_ivl_14", 6 0, L_000001dbf52c8220;  1 drivers
v000001dbf519d330_0 .net *"_ivl_16", 6 0, L_000001dbf5320a90;  1 drivers
L_000001dbf52c8268 .functor BUFT 1, C4<00000000000000000000000000000000>, C4<0>, C4<0>, C4<0>;
v000001dbf519d0b0_0 .net/2u *"_ivl_18", 31 0, L_000001dbf52c8268;  1 drivers
v000001dbf519c430_0 .net *"_ivl_22", 31 0, L_000001dbf5321210;  1 drivers
L_000001dbf52c82b0 .functor BUFT 1, C4<000000000000000000000000000>, C4<0>, C4<0>, C4<0>;
v000001dbf519c570_0 .net *"_ivl_25", 26 0, L_000001dbf52c82b0;  1 drivers
L_000001dbf52c82f8 .functor BUFT 1, C4<00000000000000000000000000000000>, C4<0>, C4<0>, C4<0>;
v000001dbf519d3d0_0 .net/2u *"_ivl_26", 31 0, L_000001dbf52c82f8;  1 drivers
v000001dbf519d1f0_0 .net *"_ivl_28", 0 0, L_000001dbf53203b0;  1 drivers
L_000001dbf52c8148 .functor BUFT 1, C4<000000000000000000000000000>, C4<0>, C4<0>, C4<0>;
v000001dbf519c1b0_0 .net *"_ivl_3", 26 0, L_000001dbf52c8148;  1 drivers
v000001dbf519c4d0_0 .net *"_ivl_30", 31 0, L_000001dbf5320130;  1 drivers
v000001dbf519ced0_0 .net *"_ivl_32", 6 0, L_000001dbf5321490;  1 drivers
L_000001dbf52c8340 .functor BUFT 1, C4<00>, C4<0>, C4<0>, C4<0>;
v000001dbf519c6b0_0 .net *"_ivl_35", 1 0, L_000001dbf52c8340;  1 drivers
L_000001dbf52c8388 .functor BUFT 1, C4<0000001>, C4<0>, C4<0>, C4<0>;
v000001dbf519ddd0_0 .net/2u *"_ivl_36", 6 0, L_000001dbf52c8388;  1 drivers
v000001dbf519c750_0 .net *"_ivl_38", 6 0, L_000001dbf5320590;  1 drivers
L_000001dbf52c8190 .functor BUFT 1, C4<00000000000000000000000000000000>, C4<0>, C4<0>, C4<0>;
v000001dbf519d290_0 .net/2u *"_ivl_4", 31 0, L_000001dbf52c8190;  1 drivers
L_000001dbf52c83d0 .functor BUFT 1, C4<00000000000000000000000000000000>, C4<0>, C4<0>, C4<0>;
v000001dbf519c9d0_0 .net/2u *"_ivl_40", 31 0, L_000001dbf52c83d0;  1 drivers
v000001dbf519c7f0_0 .net *"_ivl_6", 0 0, L_000001dbf5321a30;  1 drivers
v000001dbf519c890_0 .net *"_ivl_8", 31 0, L_000001dbf5321350;  1 drivers
v000001dbf519ca70_0 .net "clk", 0 0, v000001dbf52c7640_0;  alias, 1 drivers
v000001dbf519d470 .array "data", 31 1, 31 0;
v000001dbf519da10_0 .net "rd0_data", 31 0, L_000001dbf53210d0;  alias, 1 drivers
v000001dbf519d5b0_0 .net "rd0_num", 4 0, L_000001dbf5321e90;  alias, 1 drivers
v000001dbf519cb10_0 .net "rd1_data", 31 0, L_000001dbf5321170;  alias, 1 drivers
v000001dbf519d510_0 .net "rd1_num", 4 0, L_000001dbf5321530;  alias, 1 drivers
v000001dbf519db50_0 .net "reset", 0 0, v000001dbf52c6740_0;  alias, 1 drivers
v000001dbf519cbb0_0 .net "wr_data", 31 0, v000001dbf52c76e0_0;  1 drivers
v000001dbf519ccf0_0 .net "wr_en", 0 0, v000001dbf52c71e0_0;  1 drivers
v000001dbf519dab0_0 .net "wr_num", 4 0, v000001dbf52c7460_0;  1 drivers
E_000001dbf5161f00/0 .event negedge, v000001dbf517f570_0;
E_000001dbf5161f00/1 .event posedge, v000001dbf519db50_0;
E_000001dbf5161f00 .event/or E_000001dbf5161f00/0, E_000001dbf5161f00/1;
L_000001dbf5321df0 .concat [ 5 27 0 0], L_000001dbf5321e90, L_000001dbf52c8148;
L_000001dbf5321a30 .cmp/ne 32, L_000001dbf5321df0, L_000001dbf52c8190;
L_000001dbf5321350 .array/port v000001dbf519d470, L_000001dbf5320a90;
L_000001dbf5320db0 .concat [ 5 2 0 0], L_000001dbf5321e90, L_000001dbf52c81d8;
L_000001dbf5320a90 .arith/sub 7, L_000001dbf5320db0, L_000001dbf52c8220;
L_000001dbf53210d0 .functor MUXZ 32, L_000001dbf52c8268, L_000001dbf5321350, L_000001dbf5321a30, C4<>;
L_000001dbf5321210 .concat [ 5 27 0 0], L_000001dbf5321530, L_000001dbf52c82b0;
L_000001dbf53203b0 .cmp/ne 32, L_000001dbf5321210, L_000001dbf52c82f8;
L_000001dbf5320130 .array/port v000001dbf519d470, L_000001dbf5320590;
L_000001dbf5321490 .concat [ 5 2 0 0], L_000001dbf5321530, L_000001dbf52c8340;
L_000001dbf5320590 .arith/sub 7, L_000001dbf5321490, L_000001dbf52c8388;
L_000001dbf5321170 .functor MUXZ 32, L_000001dbf52c83d0, L_000001dbf5320130, L_000001dbf53203b0, C4<>;
    .scope S_000001dbf5108660;
T_0 ;
    %vpi_call/w 5 8 "$readmemh", P_000001dbf5193318, v000001dbf517f2f0 {0 0 0};
    %end;
    .thread T_0;
    .scope S_000001dbf5108660;
T_1 ;
    %wait E_000001dbf5162200;
    %load/vec4 v000001dbf517f7f0_0;
    %inv;
    %flag_set/vec4 8;
    %jmp/0xz  T_1.0, 8;
    %pushi/vec4 0, 0, 4;
    %assign/vec4 v000001dbf517f610_0, 0;
    %pushi/vec4 0, 4294967295, 32;
    %assign/vec4 v000001dbf517ee90_0, 0;
    %jmp T_1.1;
T_1.0 ;
    %load/vec4 v000001dbf517e710_0;
    %flag_set/vec4 8;
    %jmp/0xz  T_1.2, 8;
    %pushi/vec4 0, 0, 32;
    %assign/vec4 v000001dbf517ee90_0, 0;
    %pushi/vec4 0, 0, 4;
    %assign/vec4 v000001dbf517f610_0, 0;
    %jmp T_1.3;
T_1.2 ;
    %load/vec4 v000001dbf517e7b0_0;
    %flag_set/vec4 8;
    %jmp/0xz  T_1.4, 8;
    %load/vec4 v000001dbf517ee90_0;
    %assign/vec4 v000001dbf517ee90_0, 0;
    %load/vec4 v000001dbf517f610_0;
    %assign/vec4 v000001dbf517f610_0, 0;
    %jmp T_1.5;
T_1.4 ;
    %load/vec4 v000001dbf517f610_0;
    %pad/u 32;
    %cmpi/u 0, 0, 32;
    %flag_or 5, 4; GT is !LE
    %flag_inv 5;
    %jmp/0xz  T_1.6, 5;
    %load/vec4 v000001dbf517e990_0;
    %flag_set/vec4 8;
    %jmp/0xz  T_1.8, 8;
    %ix/getv 4, v000001dbf517e170_0;
    %load/vec4a v000001dbf517f2f0, 4;
    %assign/vec4 v000001dbf517ee90_0, 0;
    %jmp T_1.9;
T_1.8 ;
    %load/vec4 v000001dbf517da90_0;
    %ix/getv 3, v000001dbf517e170_0;
    %ix/load 4, 0, 0; Constant delay
    %assign/vec4/a/d v000001dbf517f2f0, 0, 4;
T_1.9 ;
    %load/vec4 v000001dbf517e170_0;
    %addi 1, 0, 30;
    %assign/vec4 v000001dbf517e170_0, 0;
    %load/vec4 v000001dbf517f610_0;
    %subi 1, 0, 4;
    %assign/vec4 v000001dbf517f610_0, 0;
    %jmp T_1.7;
T_1.6 ;
    %load/vec4 v000001dbf517ef30_0;
    %pad/u 32;
    %cmpi/e 1, 0, 32;
    %jmp/0xz  T_1.10, 4;
    %load/vec4 v000001dbf517f250_0;
    %pad/u 32;
    %cmpi/e 0, 0, 32;
    %jmp/0xz  T_1.12, 4;
    %load/vec4 v000001dbf517e5d0_0;
    %parti/s 2, 0, 2;
    %dup/vec4;
    %pushi/vec4 3, 0, 2;
    %cmp/u;
    %jmp/1 T_1.14, 6;
    %dup/vec4;
    %pushi/vec4 2, 0, 2;
    %cmp/u;
    %jmp/1 T_1.15, 6;
    %dup/vec4;
    %pushi/vec4 1, 0, 2;
    %cmp/u;
    %jmp/1 T_1.16, 6;
    %dup/vec4;
    %pushi/vec4 0, 0, 2;
    %cmp/u;
    %jmp/1 T_1.17, 6;
    %jmp T_1.18;
T_1.14 ;
    %pushi/vec4 0, 16777215, 24;
    %ix/getv 4, v000001dbf517f6b0_0;
    %load/vec4a v000001dbf517f2f0, 4;
    %parti/s 8, 0, 2;
    %concat/vec4; draw_concat_vec4
    %assign/vec4 v000001dbf517ee90_0, 0;
    %jmp T_1.18;
T_1.15 ;
    %pushi/vec4 0, 16777215, 24;
    %ix/getv 4, v000001dbf517f6b0_0;
    %load/vec4a v000001dbf517f2f0, 4;
    %parti/s 8, 8, 5;
    %concat/vec4; draw_concat_vec4
    %assign/vec4 v000001dbf517ee90_0, 0;
    %jmp T_1.18;
T_1.16 ;
    %pushi/vec4 0, 16777215, 24;
    %ix/getv 4, v000001dbf517f6b0_0;
    %load/vec4a v000001dbf517f2f0, 4;
    %parti/s 8, 16, 6;
    %concat/vec4; draw_concat_vec4
    %assign/vec4 v000001dbf517ee90_0, 0;
    %jmp T_1.18;
T_1.17 ;
    %pushi/vec4 0, 16777215, 24;
    %ix/getv 4, v000001dbf517f6b0_0;
    %load/vec4a v000001dbf517f2f0, 4;
    %parti/s 8, 24, 6;
    %concat/vec4; draw_concat_vec4
    %assign/vec4 v000001dbf517ee90_0, 0;
    %jmp T_1.18;
T_1.18 ;
    %pop/vec4 1;
    %jmp T_1.13;
T_1.12 ;
    %ix/getv 4, v000001dbf517f6b0_0;
    %load/vec4a v000001dbf517f2f0, 4;
    %assign/vec4 v000001dbf517ee90_0, 0;
T_1.13 ;
    %jmp T_1.11;
T_1.10 ;
    %load/vec4 v000001dbf517f250_0;
    %pad/u 32;
    %cmpi/e 0, 0, 32;
    %jmp/0xz  T_1.19, 4;
    %load/vec4 v000001dbf517e5d0_0;
    %parti/s 2, 0, 2;
    %dup/vec4;
    %pushi/vec4 3, 0, 2;
    %cmp/u;
    %jmp/1 T_1.21, 6;
    %dup/vec4;
    %pushi/vec4 2, 0, 2;
    %cmp/u;
    %jmp/1 T_1.22, 6;
    %dup/vec4;
    %pushi/vec4 1, 0, 2;
    %cmp/u;
    %jmp/1 T_1.23, 6;
    %dup/vec4;
    %pushi/vec4 0, 0, 2;
    %cmp/u;
    %jmp/1 T_1.24, 6;
    %jmp T_1.25;
T_1.21 ;
    %load/vec4 v000001dbf517da90_0;
    %parti/s 8, 0, 2;
    %ix/getv 3, v000001dbf517f6b0_0;
    %ix/load 4, 0, 0; Constant delay
    %assign/vec4/a/d v000001dbf517f2f0, 0, 4;
    %jmp T_1.25;
T_1.22 ;
    %load/vec4 v000001dbf517da90_0;
    %parti/s 8, 0, 2;
    %ix/getv 3, v000001dbf517f6b0_0;
    %ix/load 4, 8, 0; part off
    %ix/load 5, 0, 0; Constant delay
    %assign/vec4/a/d v000001dbf517f2f0, 4, 5;
    %jmp T_1.25;
T_1.23 ;
    %load/vec4 v000001dbf517da90_0;
    %parti/s 8, 0, 2;
    %ix/getv 3, v000001dbf517f6b0_0;
    %ix/load 4, 16, 0; part off
    %ix/load 5, 0, 0; Constant delay
    %assign/vec4/a/d v000001dbf517f2f0, 4, 5;
    %jmp T_1.25;
T_1.24 ;
    %load/vec4 v000001dbf517da90_0;
    %parti/s 8, 0, 2;
    %ix/getv 3, v000001dbf517f6b0_0;
    %ix/load 4, 24, 0; part off
    %ix/load 5, 0, 0; Constant delay
    %assign/vec4/a/d v000001dbf517f2f0, 4, 5;
    %jmp T_1.25;
T_1.25 ;
    %pop/vec4 1;
    %jmp T_1.20;
T_1.19 ;
    %load/vec4 v000001dbf517da90_0;
    %ix/getv 3, v000001dbf517f6b0_0;
    %ix/load 4, 0, 0; Constant delay
    %assign/vec4/a/d v000001dbf517f2f0, 0, 4;
T_1.20 ;
T_1.11 ;
    %load/vec4 v000001dbf517f250_0;
    %dup/vec4;
    %pushi/vec4 0, 0, 2;
    %cmp/u;
    %jmp/1 T_1.26, 6;
    %dup/vec4;
    %pushi/vec4 1, 0, 2;
    %cmp/u;
    %jmp/1 T_1.27, 6;
    %dup/vec4;
    %pushi/vec4 2, 0, 2;
    %cmp/u;
    %jmp/1 T_1.28, 6;
    %dup/vec4;
    %pushi/vec4 3, 0, 2;
    %cmp/u;
    %jmp/1 T_1.29, 6;
    %jmp T_1.30;
T_1.26 ;
    %pushi/vec4 0, 0, 4;
    %assign/vec4 v000001dbf517f610_0, 0;
    %jmp T_1.30;
T_1.27 ;
    %pushi/vec4 0, 0, 4;
    %assign/vec4 v000001dbf517f610_0, 0;
    %jmp T_1.30;
T_1.28 ;
    %pushi/vec4 3, 0, 4;
    %assign/vec4 v000001dbf517f610_0, 0;
    %jmp T_1.30;
T_1.29 ;
    %pushi/vec4 7, 0, 4;
    %assign/vec4 v000001dbf517f610_0, 0;
    %jmp T_1.30;
T_1.30 ;
    %pop/vec4 1;
    %load/vec4 v000001dbf517f6b0_0;
    %addi 1, 0, 30;
    %assign/vec4 v000001dbf517e170_0, 0;
    %load/vec4 v000001dbf517ef30_0;
    %assign/vec4 v000001dbf517e990_0, 0;
T_1.7 ;
T_1.5 ;
T_1.3 ;
T_1.1 ;
    %jmp T_1;
    .thread T_1;
    .scope S_000001dbf518ff30;
T_2 ;
    %vpi_call/w 5 8 "$readmemh", P_000001dbf5193b58, v000001dbf517ead0 {0 0 0};
    %end;
    .thread T_2;
    .scope S_000001dbf518ff30;
T_3 ;
    %wait E_000001dbf5162200;
    %load/vec4 v000001dbf517e350_0;
    %inv;
    %flag_set/vec4 8;
    %jmp/0xz  T_3.0, 8;
    %pushi/vec4 0, 0, 4;
    %assign/vec4 v000001dbf517f1b0_0, 0;
    %pushi/vec4 0, 4294967295, 32;
    %assign/vec4 v000001dbf517f070_0, 0;
    %jmp T_3.1;
T_3.0 ;
    %load/vec4 v000001dbf517ecb0_0;
    %flag_set/vec4 8;
    %jmp/0xz  T_3.2, 8;
    %pushi/vec4 0, 0, 32;
    %assign/vec4 v000001dbf517f070_0, 0;
    %pushi/vec4 0, 0, 4;
    %assign/vec4 v000001dbf517f1b0_0, 0;
    %jmp T_3.3;
T_3.2 ;
    %load/vec4 v000001dbf517dbd0_0;
    %flag_set/vec4 8;
    %jmp/0xz  T_3.4, 8;
    %load/vec4 v000001dbf517f070_0;
    %assign/vec4 v000001dbf517f070_0, 0;
    %load/vec4 v000001dbf517f1b0_0;
    %assign/vec4 v000001dbf517f1b0_0, 0;
    %jmp T_3.5;
T_3.4 ;
    %load/vec4 v000001dbf517f1b0_0;
    %pad/u 32;
    %cmpi/u 0, 0, 32;
    %flag_or 5, 4; GT is !LE
    %flag_inv 5;
    %jmp/0xz  T_3.6, 5;
    %load/vec4 v000001dbf517e530_0;
    %flag_set/vec4 8;
    %jmp/0xz  T_3.8, 8;
    %ix/getv 4, v000001dbf517de50_0;
    %load/vec4a v000001dbf517ead0, 4;
    %assign/vec4 v000001dbf517f070_0, 0;
    %jmp T_3.9;
T_3.8 ;
    %load/vec4 v000001dbf517eb70_0;
    %ix/getv 3, v000001dbf517de50_0;
    %ix/load 4, 0, 0; Constant delay
    %assign/vec4/a/d v000001dbf517ead0, 0, 4;
T_3.9 ;
    %load/vec4 v000001dbf517de50_0;
    %addi 1, 0, 30;
    %assign/vec4 v000001dbf517de50_0, 0;
    %load/vec4 v000001dbf517f1b0_0;
    %subi 1, 0, 4;
    %assign/vec4 v000001dbf517f1b0_0, 0;
    %jmp T_3.7;
T_3.6 ;
    %load/vec4 v000001dbf517ec10_0;
    %pad/u 32;
    %cmpi/e 1, 0, 32;
    %jmp/0xz  T_3.10, 4;
    %load/vec4 v000001dbf517f750_0;
    %pad/u 32;
    %cmpi/e 0, 0, 32;
    %jmp/0xz  T_3.12, 4;
    %load/vec4 v000001dbf517df90_0;
    %parti/s 2, 0, 2;
    %dup/vec4;
    %pushi/vec4 3, 0, 2;
    %cmp/u;
    %jmp/1 T_3.14, 6;
    %dup/vec4;
    %pushi/vec4 2, 0, 2;
    %cmp/u;
    %jmp/1 T_3.15, 6;
    %dup/vec4;
    %pushi/vec4 1, 0, 2;
    %cmp/u;
    %jmp/1 T_3.16, 6;
    %dup/vec4;
    %pushi/vec4 0, 0, 2;
    %cmp/u;
    %jmp/1 T_3.17, 6;
    %jmp T_3.18;
T_3.14 ;
    %pushi/vec4 0, 16777215, 24;
    %ix/getv 4, v000001dbf517def0_0;
    %load/vec4a v000001dbf517ead0, 4;
    %parti/s 8, 0, 2;
    %concat/vec4; draw_concat_vec4
    %assign/vec4 v000001dbf517f070_0, 0;
    %jmp T_3.18;
T_3.15 ;
    %pushi/vec4 0, 16777215, 24;
    %ix/getv 4, v000001dbf517def0_0;
    %load/vec4a v000001dbf517ead0, 4;
    %parti/s 8, 8, 5;
    %concat/vec4; draw_concat_vec4
    %assign/vec4 v000001dbf517f070_0, 0;
    %jmp T_3.18;
T_3.16 ;
    %pushi/vec4 0, 16777215, 24;
    %ix/getv 4, v000001dbf517def0_0;
    %load/vec4a v000001dbf517ead0, 4;
    %parti/s 8, 16, 6;
    %concat/vec4; draw_concat_vec4
    %assign/vec4 v000001dbf517f070_0, 0;
    %jmp T_3.18;
T_3.17 ;
    %pushi/vec4 0, 16777215, 24;
    %ix/getv 4, v000001dbf517def0_0;
    %load/vec4a v000001dbf517ead0, 4;
    %parti/s 8, 24, 6;
    %concat/vec4; draw_concat_vec4
    %assign/vec4 v000001dbf517f070_0, 0;
    %jmp T_3.18;
T_3.18 ;
    %pop/vec4 1;
    %jmp T_3.13;
T_3.12 ;
    %ix/getv 4, v000001dbf517def0_0;
    %load/vec4a v000001dbf517ead0, 4;
    %assign/vec4 v000001dbf517f070_0, 0;
T_3.13 ;
    %jmp T_3.11;
T_3.10 ;
    %load/vec4 v000001dbf517f750_0;
    %pad/u 32;
    %cmpi/e 0, 0, 32;
    %jmp/0xz  T_3.19, 4;
    %load/vec4 v000001dbf517df90_0;
    %parti/s 2, 0, 2;
    %dup/vec4;
    %pushi/vec4 3, 0, 2;
    %cmp/u;
    %jmp/1 T_3.21, 6;
    %dup/vec4;
    %pushi/vec4 2, 0, 2;
    %cmp/u;
    %jmp/1 T_3.22, 6;
    %dup/vec4;
    %pushi/vec4 1, 0, 2;
    %cmp/u;
    %jmp/1 T_3.23, 6;
    %dup/vec4;
    %pushi/vec4 0, 0, 2;
    %cmp/u;
    %jmp/1 T_3.24, 6;
    %jmp T_3.25;
T_3.21 ;
    %load/vec4 v000001dbf517eb70_0;
    %parti/s 8, 0, 2;
    %ix/getv 3, v000001dbf517def0_0;
    %ix/load 4, 0, 0; Constant delay
    %assign/vec4/a/d v000001dbf517ead0, 0, 4;
    %jmp T_3.25;
T_3.22 ;
    %load/vec4 v000001dbf517eb70_0;
    %parti/s 8, 0, 2;
    %ix/getv 3, v000001dbf517def0_0;
    %ix/load 4, 8, 0; part off
    %ix/load 5, 0, 0; Constant delay
    %assign/vec4/a/d v000001dbf517ead0, 4, 5;
    %jmp T_3.25;
T_3.23 ;
    %load/vec4 v000001dbf517eb70_0;
    %parti/s 8, 0, 2;
    %ix/getv 3, v000001dbf517def0_0;
    %ix/load 4, 16, 0; part off
    %ix/load 5, 0, 0; Constant delay
    %assign/vec4/a/d v000001dbf517ead0, 4, 5;
    %jmp T_3.25;
T_3.24 ;
    %load/vec4 v000001dbf517eb70_0;
    %parti/s 8, 0, 2;
    %ix/getv 3, v000001dbf517def0_0;
    %ix/load 4, 24, 0; part off
    %ix/load 5, 0, 0; Constant delay
    %assign/vec4/a/d v000001dbf517ead0, 4, 5;
    %jmp T_3.25;
T_3.25 ;
    %pop/vec4 1;
    %jmp T_3.20;
T_3.19 ;
    %load/vec4 v000001dbf517eb70_0;
    %ix/getv 3, v000001dbf517def0_0;
    %ix/load 4, 0, 0; Constant delay
    %assign/vec4/a/d v000001dbf517ead0, 0, 4;
T_3.20 ;
T_3.11 ;
    %load/vec4 v000001dbf517f750_0;
    %dup/vec4;
    %pushi/vec4 0, 0, 2;
    %cmp/u;
    %jmp/1 T_3.26, 6;
    %dup/vec4;
    %pushi/vec4 1, 0, 2;
    %cmp/u;
    %jmp/1 T_3.27, 6;
    %dup/vec4;
    %pushi/vec4 2, 0, 2;
    %cmp/u;
    %jmp/1 T_3.28, 6;
    %dup/vec4;
    %pushi/vec4 3, 0, 2;
    %cmp/u;
    %jmp/1 T_3.29, 6;
    %jmp T_3.30;
T_3.26 ;
    %pushi/vec4 0, 0, 4;
    %assign/vec4 v000001dbf517f1b0_0, 0;
    %jmp T_3.30;
T_3.27 ;
    %pushi/vec4 0, 0, 4;
    %assign/vec4 v000001dbf517f1b0_0, 0;
    %jmp T_3.30;
T_3.28 ;
    %pushi/vec4 3, 0, 4;
    %assign/vec4 v000001dbf517f1b0_0, 0;
    %jmp T_3.30;
T_3.29 ;
    %pushi/vec4 7, 0, 4;
    %assign/vec4 v000001dbf517f1b0_0, 0;
    %jmp T_3.30;
T_3.30 ;
    %pop/vec4 1;
    %load/vec4 v000001dbf517def0_0;
    %addi 1, 0, 30;
    %assign/vec4 v000001dbf517de50_0, 0;
    %load/vec4 v000001dbf517ec10_0;
    %assign/vec4 v000001dbf517e530_0, 0;
T_3.7 ;
T_3.5 ;
T_3.3 ;
T_3.1 ;
    %jmp T_3;
    .thread T_3;
    .scope S_000001dbf5108980;
T_4 ;
    %wait E_000001dbf5161f00;
    %load/vec4 v000001dbf519db50_0;
    %flag_set/vec4 8;
    %jmp/0xz  T_4.0, 8;
    %pushi/vec4 2148663296, 0, 32;
    %ix/load 3, 28, 0;
    %flag_set/imm 4, 0;
    %ix/load 4, 0, 0; Constant delay
    %assign/vec4/a/d v000001dbf519d470, 0, 4;
    %pushi/vec4 0, 0, 32;
    %ix/load 3, 30, 0;
    %flag_set/imm 4, 0;
    %ix/load 4, 0, 0; Constant delay
    %assign/vec4/a/d v000001dbf519d470, 0, 4;
    %jmp T_4.1;
T_4.0 ;
    %load/vec4 v000001dbf519ccf0_0;
    %load/vec4 v000001dbf519dab0_0;
    %pad/u 32;
    %pushi/vec4 0, 0, 32;
    %cmp/ne;
    %flag_get/vec4 4;
    %and;
    %flag_set/vec4 8;
    %jmp/0xz  T_4.2, 8;
    %load/vec4 v000001dbf519cbb0_0;
    %load/vec4 v000001dbf519dab0_0;
    %pad/u 7;
    %subi 1, 0, 7;
    %ix/vec4 3;
    %ix/load 4, 0, 0; Constant delay
    %assign/vec4/a/d v000001dbf519d470, 0, 4;
T_4.2 ;
T_4.1 ;
    %jmp T_4;
    .thread T_4;
    .scope S_000001dbf51087f0;
T_5 ;
    %wait E_000001dbf5162580;
    %load/vec4 v000001dbf52c6d80_0;
    %flag_set/vec4 8;
    %jmp/0xz  T_5.0, 8;
    %pushi/vec4 0, 0, 32;
    %assign/vec4 v000001dbf52c6f60_0, 0;
    %pushi/vec4 2147614720, 0, 32;
    %assign/vec4 v000001dbf52c6ec0_0, 0;
    %pushi/vec4 2147614720, 0, 32;
    %assign/vec4 v000001dbf52c6240_0, 0;
    %pushi/vec4 2147614720, 0, 32;
    %assign/vec4 v000001dbf52c6420_0, 0;
    %pushi/vec4 2147614720, 0, 32;
    %assign/vec4 v000001dbf52c6880_0, 0;
    %pushi/vec4 2147614720, 0, 32;
    %assign/vec4 v000001dbf52c7000_0, 0;
    %pushi/vec4 4294967295, 4294967295, 32;
    %assign/vec4 v000001dbf519d6f0_0, 0;
    %pushi/vec4 4294967295, 4294967295, 32;
    %assign/vec4 v000001dbf519cc50_0, 0;
    %pushi/vec4 4294967295, 4294967295, 32;
    %assign/vec4 v000001dbf519cd90_0, 0;
    %pushi/vec4 4294967295, 4294967295, 32;
    %assign/vec4 v000001dbf519ce30_0, 0;
    %pushi/vec4 4294967295, 4294967295, 32;
    %assign/vec4 v000001dbf519d790_0, 0;
    %pushi/vec4 4294967295, 4294967295, 32;
    %assign/vec4 v000001dbf52c6920_0, 0;
    %pushi/vec4 4294967295, 4294967295, 32;
    %assign/vec4 v000001dbf52c70a0_0, 0;
    %pushi/vec4 0, 0, 1;
    %assign/vec4 v000001dbf52c64c0_0, 0;
    %pushi/vec4 0, 0, 1;
    %assign/vec4 v000001dbf52c7be0_0, 0;
    %pushi/vec4 0, 0, 1;
    %assign/vec4 v000001dbf52c6c40_0, 0;
    %pushi/vec4 0, 0, 1;
    %assign/vec4 v000001dbf52c7780_0, 0;
    %pushi/vec4 31, 31, 5;
    %assign/vec4 v000001dbf52c7500_0, 0;
    %pushi/vec4 31, 31, 5;
    %assign/vec4 v000001dbf52c7a00_0, 0;
    %pushi/vec4 31, 31, 5;
    %assign/vec4 v000001dbf52c7c80_0, 0;
    %pushi/vec4 31, 31, 5;
    %assign/vec4 v000001dbf52c6600_0, 0;
    %jmp T_5.1;
T_5.0 ;
    %load/vec4 v000001dbf519dfb0_0;
    %pad/u 32;
    %cmpi/e 1, 0, 32;
    %jmp/0xz  T_5.2, 4;
    %load/vec4 v000001dbf519dbf0_0;
    %assign/vec4 v000001dbf52c6ec0_0, 0;
    %jmp T_5.3;
T_5.2 ;
    %load/vec4 v000001dbf519dfb0_0;
    %pad/u 32;
    %pushi/vec4 0, 0, 32;
    %cmp/e;
    %flag_get/vec4 4;
    %load/vec4 v000001dbf52c7820_0;
    %pad/u 32;
    %pushi/vec4 0, 0, 32;
    %cmp/e;
    %flag_get/vec4 4;
    %and;
    %flag_set/vec4 8;
    %jmp/0xz  T_5.4, 8;
    %load/vec4 v000001dbf52c6ec0_0;
    %addi 4, 0, 32;
    %assign/vec4 v000001dbf52c6ec0_0, 0;
T_5.4 ;
T_5.3 ;
    %load/vec4 v000001dbf52c7960_0;
    %assign/vec4 v000001dbf519d6f0_0, 0;
    %load/vec4 v000001dbf52c61a0_0;
    %assign/vec4 v000001dbf519cd90_0, 0;
    %load/vec4 v000001dbf52c7e60_0;
    %parti/s 1, 15, 5;
    %replicate 16;
    %load/vec4 v000001dbf52c7e60_0;
    %parti/s 16, 0, 2;
    %concat/vec4; draw_concat_vec4
    %assign/vec4 v000001dbf52c70a0_0, 0;
    %load/vec4 v000001dbf52c7e60_0;
    %parti/s 5, 6, 4;
    %pad/u 32;
    %assign/vec4 v000001dbf52c6e20_0, 0;
    %load/vec4 v000001dbf52c7e60_0;
    %parti/s 6, 26, 6;
    %pushi/vec4 0, 0, 6;
    %cmp/e;
    %flag_get/vec4 4;
    %load/vec4 v000001dbf52c7e60_0;
    %parti/s 6, 0, 2;
    %pushi/vec4 33, 0, 6;
    %cmp/e;
    %flag_get/vec4 4;
    %and;
    %flag_set/vec4 8;
    %load/vec4 v000001dbf52c7e60_0;
    %parti/s 6, 26, 6;
    %pushi/vec4 0, 0, 6;
    %cmp/e;
    %flag_get/vec4 4;
    %load/vec4 v000001dbf52c7e60_0;
    %parti/s 6, 0, 2;
    %pushi/vec4 35, 0, 6;
    %cmp/e;
    %flag_get/vec4 4;
    %and;
    %flag_set/vec4 9;
    %flag_or 9, 8;
    %load/vec4 v000001dbf52c7e60_0;
    %parti/s 6, 26, 6;
    %cmpi/e 10, 0, 6;
    %flag_or 4, 9;
    %flag_mov 8, 4;
    %load/vec4 v000001dbf52c7e60_0;
    %parti/s 6, 26, 6;
    %cmpi/e 9, 0, 6;
    %flag_or 4, 8;
    %flag_mov 8, 4;
    %load/vec4 v000001dbf52c7e60_0;
    %parti/s 6, 26, 6;
    %cmpi/e 35, 0, 6;
    %flag_or 4, 8;
    %flag_mov 8, 4;
    %load/vec4 v000001dbf52c7e60_0;
    %parti/s 6, 26, 6;
    %pushi/vec4 0, 0, 6;
    %cmp/e;
    %flag_get/vec4 4;
    %load/vec4 v000001dbf52c7e60_0;
    %parti/s 6, 0, 2;
    %pushi/vec4 0, 0, 6;
    %cmp/e;
    %flag_get/vec4 4;
    %and;
    %flag_set/vec4 9;
    %flag_or 9, 8;
    %jmp/0xz  T_5.6, 9;
    %pushi/vec4 1, 0, 1;
    %assign/vec4 v000001dbf52c7be0_0, 0;
    %jmp T_5.7;
T_5.6 ;
    %pushi/vec4 0, 0, 1;
    %assign/vec4 v000001dbf52c7be0_0, 0;
T_5.7 ;
    %load/vec4 v000001dbf52c7e60_0;
    %parti/s 6, 26, 6;
    %pushi/vec4 0, 0, 6;
    %cmp/e;
    %flag_get/vec4 4;
    %load/vec4 v000001dbf52c7e60_0;
    %parti/s 6, 0, 2;
    %pushi/vec4 33, 0, 6;
    %cmp/e;
    %flag_get/vec4 4;
    %and;
    %flag_set/vec4 8;
    %load/vec4 v000001dbf52c7e60_0;
    %parti/s 6, 26, 6;
    %pushi/vec4 0, 0, 6;
    %cmp/e;
    %flag_get/vec4 4;
    %load/vec4 v000001dbf52c7e60_0;
    %parti/s 6, 0, 2;
    %pushi/vec4 35, 0, 6;
    %cmp/e;
    %flag_get/vec4 4;
    %and;
    %flag_set/vec4 9;
    %flag_or 9, 8;
    %load/vec4 v000001dbf52c7e60_0;
    %parti/s 6, 26, 6;
    %pushi/vec4 0, 0, 6;
    %cmp/e;
    %flag_get/vec4 4;
    %load/vec4 v000001dbf52c7e60_0;
    %parti/s 6, 0, 2;
    %pushi/vec4 0, 0, 6;
    %cmp/e;
    %flag_get/vec4 4;
    %and;
    %flag_set/vec4 8;
    %flag_or 8, 9;
    %jmp/0xz  T_5.8, 8;
    %load/vec4 v000001dbf52c7e60_0;
    %parti/s 5, 11, 5;
    %assign/vec4 v000001dbf52c7a00_0, 0;
    %jmp T_5.9;
T_5.8 ;
    %load/vec4 v000001dbf52c7e60_0;
    %parti/s 5, 16, 6;
    %assign/vec4 v000001dbf52c7a00_0, 0;
T_5.9 ;
    %load/vec4 v000001dbf52c7820_0;
    %pad/u 32;
    %cmpi/e 0, 0, 32;
    %jmp/0xz  T_5.10, 4;
    %load/vec4 v000001dbf52c7e60_0;
    %assign/vec4 v000001dbf52c6ba0_0, 0;
    %jmp T_5.11;
T_5.10 ;
    %pushi/vec4 0, 0, 32;
    %assign/vec4 v000001dbf52c6ba0_0, 0;
    %pushi/vec4 0, 0, 1;
    %assign/vec4 v000001dbf52c7be0_0, 0;
T_5.11 ;
    %load/vec4 v000001dbf52c6ec0_0;
    %assign/vec4 v000001dbf52c6420_0, 0;
    %load/vec4 v000001dbf52c6ba0_0;
    %parti/s 6, 26, 6;
    %dup/vec4;
    %pushi/vec4 9, 0, 6;
    %cmp/u;
    %jmp/1 T_5.12, 6;
    %dup/vec4;
    %pushi/vec4 35, 0, 6;
    %cmp/u;
    %jmp/1 T_5.13, 6;
    %dup/vec4;
    %pushi/vec4 43, 0, 6;
    %cmp/u;
    %jmp/1 T_5.14, 6;
    %dup/vec4;
    %pushi/vec4 10, 0, 6;
    %cmp/u;
    %jmp/1 T_5.15, 6;
    %dup/vec4;
    %pushi/vec4 0, 0, 6;
    %cmp/u;
    %jmp/1 T_5.16, 6;
    %load/vec4 v000001dbf519d6f0_0;
    %load/vec4 v000001dbf519cd90_0;
    %add;
    %assign/vec4 v000001dbf519d830_0, 0;
    %jmp T_5.18;
T_5.12 ;
    %load/vec4 v000001dbf519d6f0_0;
    %load/vec4 v000001dbf52c70a0_0;
    %add;
    %assign/vec4 v000001dbf519d830_0, 0;
    %jmp T_5.18;
T_5.13 ;
    %load/vec4 v000001dbf519d6f0_0;
    %load/vec4 v000001dbf52c70a0_0;
    %add;
    %assign/vec4 v000001dbf519d830_0, 0;
    %jmp T_5.18;
T_5.14 ;
    %load/vec4 v000001dbf519d6f0_0;
    %load/vec4 v000001dbf52c70a0_0;
    %add;
    %assign/vec4 v000001dbf519d830_0, 0;
    %jmp T_5.18;
T_5.15 ;
    %load/vec4 v000001dbf519d6f0_0;
    %load/vec4 v000001dbf52c70a0_0;
    %cmp/u;
    %flag_get/vec4 5;
    %pad/u 32;
    %assign/vec4 v000001dbf519d830_0, 0;
    %jmp T_5.18;
T_5.16 ;
    %load/vec4 v000001dbf52c6ba0_0;
    %parti/s 6, 0, 2;
    %cmpi/e 35, 0, 6;
    %jmp/0xz  T_5.19, 4;
    %load/vec4 v000001dbf519d6f0_0;
    %load/vec4 v000001dbf519cd90_0;
    %sub;
    %assign/vec4 v000001dbf519d830_0, 0;
    %jmp T_5.20;
T_5.19 ;
    %load/vec4 v000001dbf52c6ba0_0;
    %parti/s 6, 0, 2;
    %cmpi/e 33, 0, 6;
    %jmp/0xz  T_5.21, 4;
    %load/vec4 v000001dbf519d6f0_0;
    %load/vec4 v000001dbf519cd90_0;
    %add;
    %assign/vec4 v000001dbf519d830_0, 0;
    %jmp T_5.22;
T_5.21 ;
    %load/vec4 v000001dbf52c6ba0_0;
    %parti/s 6, 0, 2;
    %cmpi/e 0, 0, 6;
    %jmp/0xz  T_5.23, 4;
    %load/vec4 v000001dbf519cd90_0;
    %ix/getv 4, v000001dbf52c6e20_0;
    %shiftl 4;
    %assign/vec4 v000001dbf519d830_0, 0;
T_5.23 ;
T_5.22 ;
T_5.20 ;
    %jmp T_5.18;
T_5.18 ;
    %pop/vec4 1;
    %load/vec4 v000001dbf52c6ba0_0;
    %assign/vec4 v000001dbf52c78c0_0, 0;
    %load/vec4 v000001dbf519cd90_0;
    %assign/vec4 v000001dbf519d790_0, 0;
    %load/vec4 v000001dbf52c6420_0;
    %assign/vec4 v000001dbf52c6880_0, 0;
    %load/vec4 v000001dbf52c7be0_0;
    %assign/vec4 v000001dbf52c6c40_0, 0;
    %load/vec4 v000001dbf52c7a00_0;
    %assign/vec4 v000001dbf52c7c80_0, 0;
    %load/vec4 v000001dbf52c78c0_0;
    %assign/vec4 v000001dbf52c6380_0, 0;
    %load/vec4 v000001dbf52c6880_0;
    %assign/vec4 v000001dbf52c7000_0, 0;
    %load/vec4 v000001dbf52c6c40_0;
    %assign/vec4 v000001dbf52c7780_0, 0;
    %load/vec4 v000001dbf52c7c80_0;
    %assign/vec4 v000001dbf52c6600_0, 0;
    %load/vec4 v000001dbf519d830_0;
    %assign/vec4 v000001dbf519cf70_0, 0;
T_5.1 ;
    %jmp T_5;
    .thread T_5;
    .scope S_000001dbf51087f0;
T_6 ;
    %wait E_000001dbf5161bc0;
    %pushi/vec4 0, 0, 1;
    %store/vec4 v000001dbf52c7aa0_0, 0, 1;
    %pushi/vec4 0, 0, 1;
    %store/vec4 v000001dbf52c71e0_0, 0, 1;
    %pushi/vec4 31, 31, 5;
    %store/vec4 v000001dbf52c7460_0, 0, 5;
    %pushi/vec4 4294967295, 4294967295, 32;
    %store/vec4 v000001dbf52c76e0_0, 0, 32;
    %pushi/vec4 4294967295, 4294967295, 32;
    %store/vec4 v000001dbf519dbf0_0, 0, 32;
    %pushi/vec4 4294967295, 4294967295, 32;
    %store/vec4 v000001dbf519d8d0_0, 0, 32;
    %pushi/vec4 0, 0, 1;
    %store/vec4 v000001dbf519dfb0_0, 0, 1;
    %pushi/vec4 0, 0, 1;
    %store/vec4 v000001dbf519d010_0, 0, 1;
    %pushi/vec4 4294967295, 4294967295, 32;
    %store/vec4 v000001dbf52c7f00_0, 0, 32;
    %load/vec4 v000001dbf52c62e0_0;
    %load/vec4 v000001dbf52c7a00_0;
    %cmp/e;
    %flag_get/vec4 4;
    %load/vec4 v000001dbf52c7be0_0;
    %pad/u 32;
    %pushi/vec4 1, 0, 32;
    %cmp/e;
    %flag_get/vec4 4;
    %and;
    %flag_set/vec4 8;
    %load/vec4 v000001dbf52c62e0_0;
    %load/vec4 v000001dbf52c7c80_0;
    %cmp/e;
    %flag_get/vec4 4;
    %load/vec4 v000001dbf52c6c40_0;
    %pad/u 32;
    %pushi/vec4 1, 0, 32;
    %cmp/e;
    %flag_get/vec4 4;
    %and;
    %flag_set/vec4 9;
    %flag_or 9, 8;
    %load/vec4 v000001dbf52c75a0_0;
    %load/vec4 v000001dbf52c7a00_0;
    %cmp/e;
    %flag_get/vec4 4;
    %load/vec4 v000001dbf52c7be0_0;
    %pad/u 32;
    %pushi/vec4 1, 0, 32;
    %cmp/e;
    %flag_get/vec4 4;
    %and;
    %flag_set/vec4 8;
    %flag_or 8, 9;
    %load/vec4 v000001dbf52c75a0_0;
    %load/vec4 v000001dbf52c7c80_0;
    %cmp/e;
    %flag_get/vec4 4;
    %load/vec4 v000001dbf52c6c40_0;
    %pad/u 32;
    %pushi/vec4 1, 0, 32;
    %cmp/e;
    %flag_get/vec4 4;
    %and;
    %flag_set/vec4 9;
    %flag_or 9, 8;
    %jmp/0xz  T_6.0, 9;
    %pushi/vec4 1, 0, 1;
    %store/vec4 v000001dbf52c7820_0, 0, 1;
    %jmp T_6.1;
T_6.0 ;
    %pushi/vec4 0, 0, 1;
    %store/vec4 v000001dbf52c7820_0, 0, 1;
T_6.1 ;
    %load/vec4 v000001dbf52c6420_0;
    %store/vec4 v000001dbf52c7f00_0, 0, 32;
    %load/vec4 v000001dbf52c6ba0_0;
    %parti/s 6, 26, 6;
    %pushi/vec4 0, 0, 6;
    %cmp/e;
    %flag_get/vec4 4;
    %load/vec4 v000001dbf52c6ba0_0;
    %parti/s 6, 0, 2;
    %pushi/vec4 8, 0, 6;
    %cmp/e;
    %flag_get/vec4 4;
    %and;
    %flag_set/vec4 8;
    %jmp/0xz  T_6.2, 8;
    %load/vec4 v000001dbf519d6f0_0;
    %store/vec4 v000001dbf519dbf0_0, 0, 32;
    %pushi/vec4 1, 0, 1;
    %store/vec4 v000001dbf519dfb0_0, 0, 1;
    %jmp T_6.3;
T_6.2 ;
    %load/vec4 v000001dbf52c6ba0_0;
    %parti/s 6, 26, 6;
    %cmpi/e 2, 0, 6;
    %jmp/0xz  T_6.4, 4;
    %load/vec4 v000001dbf52c7f00_0;
    %parti/s 4, 28, 6;
    %load/vec4 v000001dbf52c6ba0_0;
    %parti/s 26, 0, 2;
    %concat/vec4; draw_concat_vec4
    %concati/vec4 0, 0, 2;
    %store/vec4 v000001dbf519dbf0_0, 0, 32;
    %pushi/vec4 1, 0, 1;
    %store/vec4 v000001dbf519dfb0_0, 0, 1;
    %jmp T_6.5;
T_6.4 ;
    %load/vec4 v000001dbf52c6ba0_0;
    %parti/s 6, 26, 6;
    %pushi/vec4 4, 0, 6;
    %cmp/e;
    %flag_get/vec4 4;
    %load/vec4 v000001dbf519d150_0;
    %pad/u 32;
    %pushi/vec4 1, 0, 32;
    %cmp/e;
    %flag_get/vec4 4;
    %and;
    %flag_set/vec4 8;
    %load/vec4 v000001dbf52c6ba0_0;
    %parti/s 6, 26, 6;
    %pushi/vec4 5, 0, 6;
    %cmp/e;
    %flag_get/vec4 4;
    %load/vec4 v000001dbf519d150_0;
    %pad/u 32;
    %pushi/vec4 0, 0, 32;
    %cmp/e;
    %flag_get/vec4 4;
    %and;
    %flag_set/vec4 9;
    %flag_or 9, 8;
    %jmp/0xz  T_6.6, 9;
    %load/vec4 v000001dbf52c7f00_0;
    %load/vec4 v000001dbf52c6ba0_0;
    %parti/s 1, 15, 5;
    %replicate 14;
    %load/vec4 v000001dbf52c6ba0_0;
    %parti/s 16, 0, 2;
    %concat/vec4; draw_concat_vec4
    %concati/vec4 0, 0, 2;
    %add;
    %store/vec4 v000001dbf519dbf0_0, 0, 32;
    %pushi/vec4 1, 0, 1;
    %store/vec4 v000001dbf519dfb0_0, 0, 1;
    %jmp T_6.7;
T_6.6 ;
    %pushi/vec4 4294967295, 4294967295, 32;
    %store/vec4 v000001dbf519dbf0_0, 0, 32;
    %pushi/vec4 0, 0, 1;
    %store/vec4 v000001dbf519dfb0_0, 0, 1;
T_6.7 ;
T_6.5 ;
T_6.3 ;
    %load/vec4 v000001dbf519dfb0_0;
    %flag_set/vec4 8;
    %jmp/0xz  T_6.8, 8;
    %pushi/vec4 1, 0, 1;
    %store/vec4 v000001dbf519d970_0, 0, 1;
    %jmp T_6.9;
T_6.8 ;
    %pushi/vec4 0, 0, 1;
    %store/vec4 v000001dbf519d970_0, 0, 1;
T_6.9 ;
    %load/vec4 v000001dbf52c78c0_0;
    %parti/s 6, 26, 6;
    %cmpi/e 43, 0, 6;
    %jmp/0xz  T_6.10, 4;
    %pushi/vec4 1, 0, 1;
    %store/vec4 v000001dbf52c7aa0_0, 0, 1;
    %jmp T_6.11;
T_6.10 ;
    %pushi/vec4 0, 0, 1;
    %store/vec4 v000001dbf52c7aa0_0, 0, 1;
T_6.11 ;
    %load/vec4 v000001dbf52c7780_0;
    %store/vec4 v000001dbf52c71e0_0, 0, 1;
    %load/vec4 v000001dbf52c6600_0;
    %store/vec4 v000001dbf52c7460_0, 0, 5;
    %load/vec4 v000001dbf52c6380_0;
    %parti/s 6, 26, 6;
    %cmpi/e 35, 0, 6;
    %jmp/0xz  T_6.12, 4;
    %load/vec4 v000001dbf519de70_0;
    %store/vec4 v000001dbf52c76e0_0, 0, 32;
    %jmp T_6.13;
T_6.12 ;
    %load/vec4 v000001dbf519cf70_0;
    %store/vec4 v000001dbf52c76e0_0, 0, 32;
T_6.13 ;
    %jmp T_6;
    .thread T_6, $push;
    .scope S_000001dbf5190900;
T_7 ;
    %pushi/vec4 1, 0, 2;
    %store/vec4 v000001dbf52c6560_0, 0, 2;
    %pushi/vec4 1, 0, 1;
    %store/vec4 v000001dbf52c73c0_0, 0, 1;
    %pushi/vec4 1, 0, 2;
    %store/vec4 v000001dbf52c7140_0, 0, 2;
    %end;
    .thread T_7, $init;
    .scope S_000001dbf5190900;
T_8 ;
    %pushi/vec4 1, 0, 1;
    %store/vec4 v000001dbf52c7640_0, 0, 1;
T_8.0 ;
    %delay 5, 0;
    %load/vec4 v000001dbf52c7640_0;
    %inv;
    %store/vec4 v000001dbf52c7640_0, 0, 1;
    %jmp T_8.0;
    %end;
    .thread T_8;
    .scope S_000001dbf5190900;
T_9 ;
    %pushi/vec4 1, 0, 1;
    %assign/vec4 v000001dbf52c6740_0, 0;
    %delay 10, 0;
    %pushi/vec4 0, 0, 1;
    %assign/vec4 v000001dbf52c6740_0, 0;
    %pushi/vec4 0, 0, 32;
    %assign/vec4 v000001dbf52c67e0_0, 0;
    %end;
    .thread T_9;
    .scope S_000001dbf5190900;
T_10 ;
    %wait E_000001dbf5161900;
    %delay 1, 0;
    %load/vec4 v000001dbf52c67e0_0;
    %addi 1, 0, 32;
    %cast2;
    %assign/vec4 v000001dbf52c67e0_0, 0;
    %vpi_call/w 3 328 "$write", "c %4d  ", v000001dbf52c67e0_0 {0 0 0};
    %vpi_call/w 3 331 "$write", "|%8h    ", v000001dbf52c6ec0_0 {0 0 0};
    %vpi_call/w 3 332 "$write", "|%8h    ", v000001dbf52c6240_0 {0 0 0};
    %vpi_call/w 3 333 "$write", "|%8h               ", v000001dbf52c6420_0 {0 0 0};
    %vpi_call/w 3 334 "$write", "|%8h                                   ", v000001dbf52c6880_0 {0 0 0};
    %vpi_call/w 3 335 "$write", "|%8h", v000001dbf52c7000_0 {0 0 0};
    %vpi_call/w 3 337 "$write", "\012" {0 0 0};
    %vpi_call/w 3 338 "$write", "        " {0 0 0};
    %vpi_call/w 3 340 "$write", "|pc=%8h ", v000001dbf52c6ec0_0 {0 0 0};
    %vpi_call/w 3 341 "$write", "|ir=%8h ", v000001dbf52c7e60_0 {0 0 0};
    %vpi_call/w 3 342 "$write", "|a=%8h, b=%8h ", v000001dbf519d6f0_0, v000001dbf519cd90_0 {0 0 0};
    %load/vec4 v000001dbf52c7aa0_0;
    %flag_set/vec4 8;
    %jmp/0xz  T_10.0, 8;
    %vpi_call/w 3 346 "$write", "|alu=%8h, store %8h at [%8h] ", v000001dbf519d830_0, v000001dbf52c7280_0, v000001dbf52c7b40_0 {0 0 0};
    %jmp T_10.1;
T_10.0 ;
    %vpi_call/w 3 349 "$write", "|alu=%8h,                              ", v000001dbf519d830_0 {0 0 0};
T_10.1 ;
    %load/vec4 v000001dbf52c71e0_0;
    %flag_set/vec4 8;
    %jmp/0xz  T_10.2, 8;
    %vpi_call/w 3 354 "$write", "|write %8h to r%1d ", v000001dbf52c76e0_0, v000001dbf52c7460_0 {0 0 0};
    %jmp T_10.3;
T_10.2 ;
    %vpi_call/w 3 359 "$write", "|" {0 0 0};
T_10.3 ;
    %vpi_call/w 3 362 "$write", "\012\012" {0 0 0};
    %load/vec4 v000001dbf52c7dc0_0;
    %cmpi/e 0, 0, 32;
    %jmp/0xz  T_10.4, 4;
    %delay 10, 0;
    %vpi_call/w 3 366 "$stop" {0 0 0};
T_10.4 ;
    %jmp T_10;
    .thread T_10;
    .scope S_000001dbf5190900;
T_11 ;
    %vpi_call/w 3 370 "$dumpvars", 32'sb00000000000000000000000000000000, S_000001dbf5190900 {0 0 0};
    %end;
    .thread T_11;
# The file index is used to find the file name in the following table.
:file_names 8;
    "N/A";
    "<interactive>";
    "-";
    "a3_tb.sv";
    "./params.sv";
    "memory.sv";
    "mips.sv";
    "regfile.sv";
